   SW  perc perc perc  query      position in query           matching       repeat              position in  repeat
score  div. del. ins.  sequence    begin     end    (left)    repeat         class/family         begin  end (left)   ID

  541   9.6  9.8  7.1  CAXKZK020000001.1      69     191 (1075959) +  MER53          DNA/hAT-Blackjack        1  126   (67) 3869400
   28   0.0  4.7  4.7  CAXKZK020000001.1     199     241 (1075909) +  (TTAA)n        Simple_repeat            1   43    (0) 3869401
  958  21.8  2.1  3.8  CAXKZK020000001.1     683     975 (1075175) C  L1MB1          LINE/L1              (339) 6020   5738 3869402
   15   5.5  0.0  0.0  CAXKZK020000001.1    1576    1594 (1074556) +  (T)n           Simple_repeat            1   19    (0) 3869403
   18  21.8  0.0  0.0  CAXKZK020000001.1    1961    2002 (1074148) +  (TC)n          Simple_repeat            1   42    (0) 3869404
   18  13.3  2.2  4.5  CAXKZK020000001.1    2019    2063 (1074087) +  (AAT)n         Simple_repeat            1   44    (0) 3869405
  822  18.0  4.0  0.0  CAXKZK020000001.1    2086    2235 (1073915) +  L1MB7          LINE/L1               5972 6127   (57) 3869406
   21  19.4  0.0  0.0  CAXKZK020000001.1    2266    2306 (1073844) +  GA-rich        Low_complexity           1   41    (0) 3869407
  275  15.3  2.7  4.0  CAXKZK020000001.1    2411    2485 (1073665) +  L1MB7          LINE/L1               6111 6184    (0) 3869406
   15  28.7  0.0  0.0  CAXKZK020000001.1    2594    2635 (1073515) +  (TC)n          Simple_repeat            1   42    (0) 3869408
  295  24.4  1.3  0.0  CAXKZK020000001.1    2809    2886 (1073264) +  L1M5           LINE/L1               5566 5644  (598) 3869409
  248  25.0  1.5  0.0  CAXKZK020000001.1    2899    2966 (1073184) +  L1M5           LINE/L1               5750 5818  (425) 3869409
  716  24.1  1.2  1.2  CAXKZK020000001.1    2978    3145 (1073005) C  MER58A         DNA/hAT-Charlie        (0)  224     57 3869410
  355  18.0  1.4  5.9  CAXKZK020000001.1    3154    3224 (1072926) C  tRNA-Lys-AAG   tRNA                   (8)   68      1 3869411
   12  26.3  0.0  0.0  CAXKZK020000001.1    4216    4252 (1071898) +  (TTTTT)n       Simple_repeat            1   37    (0) 3869412
   20  22.0  0.0  0.0  CAXKZK020000001.1    4256    4297 (1071853) +  GA-rich        Low_complexity           1   42    (0) 3869413
  436  17.1  6.5 10.4  CAXKZK020000001.1    4444    4613 (1071537) C  ORSL           DNA/hAT-Tip100        (49)  226     63 3869414
 1487  24.1  8.5  3.1  CAXKZK020000001.1    5763    6220 (1069930) C  MLT1E2         LTR/ERVL-MaLR        (144)  483      2 3869415
   17  21.9  0.0  4.5  CAXKZK020000001.1    6389    6434 (1069716) +  (TC)n          Simple_repeat            1   44    (0) 3869416
 2418  16.0  0.5  0.3  CAXKZK020000001.1    6583    6958 (1069192) C  MLT1B          LTR/ERVL-MaLR         (12)  378      2 3869417
   16  15.8  2.2  4.4  CAXKZK020000001.1    7135    7180 (1068970) +  (TCTCCC)n      Simple_repeat            1   45    (0) 3869418
   18  19.9  0.0  0.0  CAXKZK020000001.1    7182    7216 (1068934) +  A-rich         Low_complexity           1   35    (0) 3869419
  335  21.8  4.8  1.9  CAXKZK020000001.1    7310    7412 (1068738) +  L1MA9          LINE/L1               6063 6168  (144) 3869420
   27  16.6  0.0  0.0  CAXKZK020000001.1    7520    7566 (1068584) +  (TC)n          Simple_repeat            1   47    (0) 3869421
  473  23.6  3.1  7.8  CAXKZK020000001.1    7585    7745 (1068405) +  L1MA9          LINE/L1               6159 6312    (0) 3869420
  354  18.3  0.0 11.1  CAXKZK020000001.1    8362    8441 (1067709) +  tRNA-Lys-AAG   tRNA                     1   72    (4) 3869422
   19   8.1  0.0 11.4  CAXKZK020000001.1    8454    8502 (1067648) +  A-rich         Low_complexity           1   44    (0) 3869423
   21   9.8  0.0  0.0  CAXKZK020000001.1    8523    8555 (1067595) +  (TAA)n         Simple_repeat            1   33    (0) 3869424
 2778  20.7  6.6  0.7  CAXKZK020000001.1    8558    9209 (1066941) +  L1MB8          LINE/L1               5489 6178    (0) 3869425
  334  29.7 13.2  0.0  CAXKZK020000001.1   10191   10439 (1065711) +  Zaphod         DNA/hAT-Tip100        3500 3781  (298) 3869426
   12  25.9  3.1  4.7  CAXKZK020000001.1   10931   10995 (1065155) +  (GCCCAG)n      Simple_repeat            1   64    (0) 3869427
  288  20.3  0.0  1.7  CAXKZK020000001.1   11627   11686 (1064464) +  L1M5           LINE/L1               3609 3667 (2479) 3869428
  269  29.2  0.0  0.0  CAXKZK020000001.1   12360   12431 (1063719) +  tRNA-Lys-AAG   tRNA                     3   74    (2) 3869429
  465  19.9  3.0  4.7  CAXKZK020000001.1   12621   12747 (1063403) C  L1MEg          LINE/L1             (4644) 1556   1416 3869430
  314  26.5  0.0  0.0  CAXKZK020000001.1   12934   13001 (1063149) C  L1MEg          LINE/L1             (4736) 1464   1397 3869430
   30   8.2  0.0  0.0  CAXKZK020000001.1   13136   13174 (1062976) +  (CT)n          Simple_repeat            1   39    (0) 3869431
  841  23.9 11.8  1.0  CAXKZK020000001.1   13294   13629 (1062521) C  L1ME2z         LINE/L1              (308) 6456   6089 3869432
   15   9.1  0.0  0.0  CAXKZK020000001.1   13655   13678 (1062472) +  (CTT)n         Simple_repeat            1   24    (0) 3869433
  511  18.6  0.8  1.0  CAXKZK020000001.1   14031   14161 (1061989) C  L1ME2z         LINE/L1              (342) 6102   5972 3869432
   21  24.4  0.0  0.0  CAXKZK020000001.1   14185   14232 (1061918) +  GA-rich        Low_complexity           1   48    (0) 3869434
  337  15.2  0.0  0.0  CAXKZK020000001.1   14340   14398 (1061752) C  L1ME2z         LINE/L1              (490) 5994   5936 3869432
   15  21.1  0.0  0.0  CAXKZK020000001.1   14487   14524 (1061626) +  (AGAGGC)n      Simple_repeat            1   38    (0) 3869435
 1004  22.4  8.7  3.5  CAXKZK020000001.1   14652   15053 (1061097) C  L1ME2z         LINE/L1             (1052) 5414   4993 3869432
   50   2.2  0.0  0.0  CAXKZK020000001.1   15061   15107 (1061043) +  (AC)n          Simple_repeat            1   47    (0) 3869436
   17  13.7  0.0  0.0  CAXKZK020000001.1   15108   15144 (1061006) +  (AGAGGC)n      Simple_repeat            1   37    (0) 3869437
  260  17.6  0.0  1.8  CAXKZK020000001.1   15248   15317 (1060833) C  L1ME2z         LINE/L1             (1435) 5031   4963 3869432
   20  21.0  0.0  0.0  CAXKZK020000001.1   15318   15358 (1060792) +  (T)n           Simple_repeat            1   41    (0) 3869438
   21  19.4  0.0  0.0  CAXKZK020000001.1   15368   15408 (1060742) +  GA-rich        Low_complexity           1   41    (0) 3869439
  570  17.9  9.7 10.7  CAXKZK020000001.1   15512   15718 (1060432) C  L1ME2z         LINE/L1             (1486) 4980   4776 3869432
   12   8.9  4.2  0.0  CAXKZK020000001.1   15721   15744 (1060406) +  (TTTA)n        Simple_repeat            1   25    (0) 3869440
   19  20.4  0.0  0.0  CAXKZK020000001.1   15748   15757 (1060393) +  (CAGAGG)n      Simple_repeat            1   49    (0) 3869441
   19  20.6  0.0  0.0  CAXKZK020000001.1   15758   15796 (1060354) +  GA-rich        Low_complexity           1   39    (0) 3869442
  282  18.4 11.2  0.0  CAXKZK020000001.1   15905   16002 (1060148) C  L1ME2z         LINE/L1             (1681) 4785   4677 3869432
   18  25.2  0.0  0.0  CAXKZK020000001.1   16034   16075 (1060075) +  GA-rich        Low_complexity           1   42    (0) 3869443
  666  20.0 10.1  1.2  CAXKZK020000001.1   16186   16413 (1059737) C  L1ME2z         LINE/L1             (1778) 4688   4441 3869432
  563  23.9  7.2  3.7  CAXKZK020000001.1   16417   16625 (1059525) C  L1ME2          LINE/L1                (0) 6164   5949 3869444
  746  17.5 16.7  7.1  CAXKZK020000001.1   16626   16859 (1059291) C  L1ME2z         LINE/L1             (2019) 4447   4193 3869432
 1117  22.5 13.9  2.8  CAXKZK020000001.1   16839   17460 (1058690) C  L1ME2z         LINE/L1             (2970) 3496   2843 3869432
  448  13.4  1.5  0.0  CAXKZK020000001.1   17470   17536 (1058614) C  U4             snRNA                 (77)   68      1 3869445
   19  22.7  0.0  0.0  CAXKZK020000001.1   17545   17591 (1058559) +  (TATT)n        Simple_repeat            1   47    (0) 3869446
   26  21.3  0.0  0.0  CAXKZK020000001.1   17592   17645 (1058505) +  GA-rich        Low_complexity           1   54    (0) 3869447
  607  23.5  9.6  0.4  CAXKZK020000001.1   17792   18009 (1058141) C  L1ME2z         LINE/L1             (3649) 2817   2580 3869432
  553  19.1  4.8  6.3  CAXKZK020000001.1   18099   18390 (1057760) C  L1ME2z         LINE/L1             (4031) 2531   2248 3869432
   17  22.8  0.0  2.1  CAXKZK020000001.1   18422   18469 (1057681) +  GA-rich        Low_complexity           1   47    (0) 3869448
  479  24.3 13.2  5.0  CAXKZK020000001.1   18606   18900 (1057250) C  L1ME2z         LINE/L1             (4286) 2259   1942 3869432
   15  18.7  4.3  4.3  CAXKZK020000001.1   19024   19069 (1057081) +  (TC)n          Simple_repeat            1   46    (0) 3869449
   16  22.1  0.0  0.0  CAXKZK020000001.1   19073   19104 (1057046) +  A-rich         Low_complexity           1   32    (0) 3869450
  422  24.5  9.8  1.8  CAXKZK020000001.1   19661   19864 (1056286) C  L1ME2z         LINE/L1             (5122) 1440   1215 3869432
  488  23.1 10.2  3.5  CAXKZK020000001.1   20329   20594 (1055556) C  L1ME2z         LINE/L1             (5317) 1139    817 3869432
   26  21.3  0.0  0.0  CAXKZK020000001.1   21831   21884 (1054266) +  GA-rich        Low_complexity           1   54    (0) 3869451
   17  20.1  0.0  0.0  CAXKZK020000001.1   23510   23557 (1052593) +  (CAGAGG)n      Simple_repeat            1   48    (0) 3869452
   42   0.0  0.0  0.0  CAXKZK020000001.1   23699   23734 (1052416) +  (CA)n          Simple_repeat            1   36    (0) 3869453
   16  16.8  0.0  0.0  CAXKZK020000001.1   23736   23762 (1052388) +  A-rich         Low_complexity           1   27    (0) 3869454
  272  18.5  0.0  0.0  CAXKZK020000001.1   23941   23994 (1052156) +  L1ME4c         LINE/L1               5814 5867  (216) 3869455
  422  14.6  3.6  1.2  CAXKZK020000001.1   23996   24078 (1052072) +  Tigger2        DNA/TcMar-Tigger         1   85 (2633) 3869456
 1173  18.8  7.8  1.6  CAXKZK020000001.1   24261   24503 (1051647) +  Tigger2        DNA/TcMar-Tigger      2461 2718    (0) 3869457
   16  14.2  2.1  9.1  CAXKZK020000001.1   24760   24806 (1051344) +  (TC)n          Simple_repeat            1   44    (0) 3869458
  228  23.6  0.0  1.8  CAXKZK020000001.1   25049   25104 (1051046) +  L1ME3G         LINE/L1               3683 3737 (2409) 3869459
  838  22.6 10.6  0.0  CAXKZK020000001.1   25510   25708 (1050442) +  MER58A         DNA/hAT-Charlie          3  222    (2) 3869460
  244  21.1  7.7  1.0  CAXKZK020000001.1   25774   25864 (1050286) +  L1ME3G         LINE/L1               5330 5426  (751) 3869459
  358  33.6  2.9  0.7  CAXKZK020000001.1   25877   26014 (1050136) C  MIR            SINE/MIR              (18)  244    104 3869461
   18  20.3  3.9  0.0  CAXKZK020000001.1   26217   26246 (1049904) +  (TCTCTC)n      Simple_repeat            1   53    (0) 3869462
   19   0.0  0.0  0.0  CAXKZK020000001.1   26247   26267 (1049883) +  (TC)n          Simple_repeat            1   21    (0) 3869463
  390  23.1  0.0  0.0  CAXKZK020000001.1   26317   26381 (1049769) +  tRNA-Lys-AAG   tRNA                     7   71    (5) 3869464
   19  19.2  0.0  0.0  CAXKZK020000001.1   26783   26818 (1049332) +  (T)n           Simple_repeat            1   36    (0) 3869465
   33   0.0  0.0  0.0  CAXKZK020000001.1   26828   26855 (1049295) +  (AG)n          Simple_repeat            1   28    (0) 3869466
  238  16.0  4.4 23.7  CAXKZK020000001.1   27491   27580 (1048570) +  tRNA-Lys-AAG   tRNA                     1   76    (0) 3869467
   32  22.5  0.0  0.0  CAXKZK020000001.1   27655   27721 (1048429) +  A-rich         Low_complexity           1   67    (0) 3869468
 1013  23.1  7.0  5.2  CAXKZK020000001.1   27812   28209 (1047941) C  L1ME2          LINE/L1              (103) 6061   5657 3869469
  698  19.8  3.0  7.7  CAXKZK020000001.1   28212   28441 (1047709) +  L1ME3Cz        LINE/L1               3737 3956 (2190) 3869470
   24  16.6  0.0  4.1  CAXKZK020000001.1   28556   28606 (1047544) +  (TC)n          Simple_repeat            1   49    (0) 3869471
   18   0.0  0.0  0.0  CAXKZK020000001.1   28622   28644 (1047506) +  (ACAA)n        Simple_repeat            1   23    (0) 3869472
   18   7.5  0.0  6.7  CAXKZK020000001.1   28752   28783 (1047367) +  (TC)n          Simple_repeat            1   30    (0) 3869473
 1046  19.9  3.5  0.4  CAXKZK020000001.1   28814   29045 (1047105) +  L1ME3Cz        LINE/L1               3949 4187 (1959) 3869470
   12  24.1  0.0  0.0  CAXKZK020000001.1   29370   29403 (1046747) +  (GACA)n        Simple_repeat            1   34    (0) 3869474
  654  25.3  9.8  3.0  CAXKZK020000001.1   29545   29829 (1046321) +  L1ME3Cz        LINE/L1               5267 5570  (680) 3869470
   21  21.5  0.0  0.0  CAXKZK020000001.1   29943   29985 (1046165) +  (CT)n          Simple_repeat            1   43    (0) 3869475
